<?xml version="1.0" encoding="UTF-8"?>
<coverage generated="1635786809859" clover="3.2.0">
  <project timestamp="1635786809859" name="All files">
    <metrics statements="118" coveredstatements="87" conditionals="47" coveredconditionals="35" methods="29" coveredmethods="15" elements="194" coveredelements="137" complexity="0" loc="118" ncloc="118" packages="11" files="11" classes="11"/>
    <package name="src">
      <metrics statements="31" coveredstatements="24" conditionals="6" coveredconditionals="3" methods="5" coveredmethods="3"/>
      <file name="App.tsx" path="/Users/jacques/Desktop/Web-Development/the-source-news/src/App.tsx">
        <metrics statements="31" coveredstatements="24" conditionals="6" coveredconditionals="3" methods="5" coveredmethods="3"/>
        <line num="1" count="1" type="stmt"/>
        <line num="3" count="1" type="stmt"/>
        <line num="5" count="1" type="stmt"/>
        <line num="6" count="1" type="stmt"/>
        <line num="7" count="1" type="stmt"/>
        <line num="8" count="1" type="stmt"/>
        <line num="9" count="1" type="stmt"/>
        <line num="12" count="1" type="stmt"/>
        <line num="21" count="1" type="stmt"/>
        <line num="22" count="2" type="stmt"/>
        <line num="23" count="2" type="stmt"/>
        <line num="24" count="2" type="stmt"/>
        <line num="25" count="2" type="stmt"/>
        <line num="27" count="2" type="stmt"/>
        <line num="29" count="3" type="stmt"/>
        <line num="31" count="1" type="stmt"/>
        <line num="32" count="0" type="stmt"/>
        <line num="33" count="0" type="stmt"/>
        <line num="34" count="0" type="stmt"/>
        <line num="35" count="0" type="stmt"/>
        <line num="37" count="1" type="stmt"/>
        <line num="41" count="2" type="stmt"/>
        <line num="42" count="0" type="stmt"/>
        <line num="43" count="0" type="stmt"/>
        <line num="45" count="2" type="stmt"/>
        <line num="46" count="0" type="stmt"/>
        <line num="49" count="2" type="stmt"/>
        <line num="50" count="1" type="stmt"/>
        <line num="51" count="1" type="stmt"/>
        <line num="55" count="2" type="stmt"/>
        <line num="68" count="1" type="stmt"/>
      </file>
    </package>
    <package name="src.features.Footer">
      <metrics statements="6" coveredstatements="6" conditionals="0" coveredconditionals="0" methods="1" coveredmethods="1"/>
      <file name="Footer.tsx" path="/Users/jacques/Desktop/Web-Development/the-source-news/src/features/Footer/Footer.tsx">
        <metrics statements="6" coveredstatements="6" conditionals="0" coveredconditionals="0" methods="1" coveredmethods="1"/>
        <line num="3" count="2" type="stmt"/>
        <line num="4" count="2" type="stmt"/>
        <line num="5" count="2" type="stmt"/>
        <line num="7" count="2" type="stmt"/>
        <line num="8" count="5" type="stmt"/>
        <line num="31" count="2" type="stmt"/>
      </file>
    </package>
    <package name="src.features.LoadingPage">
      <metrics statements="6" coveredstatements="6" conditionals="0" coveredconditionals="0" methods="1" coveredmethods="1"/>
      <file name="LoadingPage.tsx" path="/Users/jacques/Desktop/Web-Development/the-source-news/src/features/LoadingPage/LoadingPage.tsx">
        <metrics statements="6" coveredstatements="6" conditionals="0" coveredconditionals="0" methods="1" coveredmethods="1"/>
        <line num="3" count="2" type="stmt"/>
        <line num="4" count="2" type="stmt"/>
        <line num="5" count="2" type="stmt"/>
        <line num="7" count="4" type="stmt"/>
        <line num="8" count="4" type="stmt"/>
        <line num="18" count="2" type="stmt"/>
      </file>
    </package>
    <package name="src.features.Navigation">
      <metrics statements="26" coveredstatements="15" conditionals="28" coveredconditionals="20" methods="9" coveredmethods="2"/>
      <file name="Navigation.tsx" path="/Users/jacques/Desktop/Web-Development/the-source-news/src/features/Navigation/Navigation.tsx">
        <metrics statements="26" coveredstatements="15" conditionals="28" coveredconditionals="20" methods="9" coveredmethods="2"/>
        <line num="1" count="2" type="stmt"/>
        <line num="3" count="2" type="stmt"/>
        <line num="4" count="2" type="stmt"/>
        <line num="5" count="2" type="stmt"/>
        <line num="7" count="2" type="stmt"/>
        <line num="9" count="2" type="stmt"/>
        <line num="10" count="8" type="stmt"/>
        <line num="11" count="8" type="stmt"/>
        <line num="13" count="8" type="stmt"/>
        <line num="15" count="8" type="stmt"/>
        <line num="19" count="8" type="stmt"/>
        <line num="25" count="8" type="stmt"/>
        <line num="28" count="0" type="stmt"/>
        <line num="33" count="0" type="stmt"/>
        <line num="38" count="0" type="stmt"/>
        <line num="47" count="0" type="stmt"/>
        <line num="48" count="0" type="stmt"/>
        <line num="60" count="1" type="stmt"/>
        <line num="61" count="1" type="stmt"/>
        <line num="73" count="0" type="stmt"/>
        <line num="74" count="0" type="stmt"/>
        <line num="86" count="0" type="stmt"/>
        <line num="87" count="0" type="stmt"/>
        <line num="99" count="0" type="stmt"/>
        <line num="100" count="0" type="stmt"/>
        <line num="115" count="2" type="stmt"/>
      </file>
    </package>
    <package name="src.features.NewsBox">
      <metrics statements="4" coveredstatements="4" conditionals="0" coveredconditionals="0" methods="1" coveredmethods="1"/>
      <file name="NewsBox.tsx" path="/Users/jacques/Desktop/Web-Development/the-source-news/src/features/NewsBox/NewsBox.tsx">
        <metrics statements="4" coveredstatements="4" conditionals="0" coveredconditionals="0" methods="1" coveredmethods="1"/>
        <line num="1" count="3" type="stmt"/>
        <line num="3" count="3" type="stmt"/>
        <line num="4" count="1" type="stmt"/>
        <line num="18" count="3" type="stmt"/>
      </file>
    </package>
    <package name="src.features.NewsCategories.Business">
      <metrics statements="3" coveredstatements="0" conditionals="0" coveredconditionals="0" methods="1" coveredmethods="0"/>
      <file name="Business.tsx" path="/Users/jacques/Desktop/Web-Development/the-source-news/src/features/NewsCategories/Business/Business.tsx">
        <metrics statements="3" coveredstatements="0" conditionals="0" coveredconditionals="0" methods="1" coveredmethods="0"/>
        <line num="4" count="0" type="stmt"/>
        <line num="5" count="0" type="stmt"/>
        <line num="8" count="0" type="stmt"/>
      </file>
    </package>
    <package name="src.features.NewsCategories.Entertainment">
      <metrics statements="3" coveredstatements="0" conditionals="0" coveredconditionals="0" methods="1" coveredmethods="0"/>
      <file name="Entertainment.tsx" path="/Users/jacques/Desktop/Web-Development/the-source-news/src/features/NewsCategories/Entertainment/Entertainment.tsx">
        <metrics statements="3" coveredstatements="0" conditionals="0" coveredconditionals="0" methods="1" coveredmethods="0"/>
        <line num="4" count="0" type="stmt"/>
        <line num="5" count="0" type="stmt"/>
        <line num="8" count="0" type="stmt"/>
      </file>
    </package>
    <package name="src.features.NewsCategories.Sports">
      <metrics statements="3" coveredstatements="0" conditionals="0" coveredconditionals="0" methods="1" coveredmethods="0"/>
      <file name="Sports.tsx" path="/Users/jacques/Desktop/Web-Development/the-source-news/src/features/NewsCategories/Sports/Sports.tsx">
        <metrics statements="3" coveredstatements="0" conditionals="0" coveredconditionals="0" methods="1" coveredmethods="0"/>
        <line num="4" count="0" type="stmt"/>
        <line num="5" count="0" type="stmt"/>
        <line num="8" count="0" type="stmt"/>
      </file>
    </package>
    <package name="src.features.NewsCategories.Technology">
      <metrics statements="3" coveredstatements="0" conditionals="0" coveredconditionals="0" methods="1" coveredmethods="0"/>
      <file name="Technology.tsx" path="/Users/jacques/Desktop/Web-Development/the-source-news/src/features/NewsCategories/Technology/Technology.tsx">
        <metrics statements="3" coveredstatements="0" conditionals="0" coveredconditionals="0" methods="1" coveredmethods="0"/>
        <line num="4" count="0" type="stmt"/>
        <line num="5" count="0" type="stmt"/>
        <line num="8" count="0" type="stmt"/>
      </file>
    </package>
    <package name="src.features.SearchInput">
      <metrics statements="14" coveredstatements="14" conditionals="4" coveredconditionals="3" methods="3" coveredmethods="3"/>
      <file name="SearchInput.tsx" path="/Users/jacques/Desktop/Web-Development/the-source-news/src/features/SearchInput/SearchInput.tsx">
        <metrics statements="14" coveredstatements="14" conditionals="4" coveredconditionals="3" methods="3" coveredmethods="3"/>
        <line num="1" count="2" type="stmt"/>
        <line num="3" count="2" type="stmt"/>
        <line num="4" count="2" type="stmt"/>
        <line num="6" count="2" type="stmt"/>
        <line num="8" count="10" type="stmt"/>
        <line num="9" count="10" type="stmt"/>
        <line num="10" count="10" type="stmt"/>
        <line num="15" count="10" type="stmt"/>
        <line num="16" count="4" type="stmt"/>
        <line num="19" count="10" type="stmt"/>
        <line num="26" count="1" type="cond" truecount="3" falsecount="1"/>
        <line num="27" count="1" type="stmt"/>
        <line num="28" count="1" type="stmt"/>
        <line num="45" count="2" type="stmt"/>
      </file>
    </package>
    <package name="src.pages.NewsPage">
      <metrics statements="19" coveredstatements="18" conditionals="9" coveredconditionals="9" methods="5" coveredmethods="4"/>
      <file name="NewsPage.tsx" path="/Users/jacques/Desktop/Web-Development/the-source-news/src/pages/NewsPage/NewsPage.tsx">
        <metrics statements="19" coveredstatements="18" conditionals="9" coveredconditionals="9" methods="5" coveredmethods="4"/>
        <line num="1" count="2" type="stmt"/>
        <line num="3" count="2" type="stmt"/>
        <line num="5" count="2" type="stmt"/>
        <line num="6" count="2" type="stmt"/>
        <line num="8" count="2" type="stmt"/>
        <line num="9" count="6" type="stmt"/>
        <line num="10" count="6" type="stmt"/>
        <line num="11" count="6" type="stmt"/>
        <line num="13" count="6" type="stmt"/>
        <line num="14" count="6" type="stmt"/>
        <line num="19" count="6" type="stmt"/>
        <line num="20" count="3" type="stmt"/>
        <line num="24" count="4" type="stmt"/>
        <line num="30" count="2" type="stmt"/>
        <line num="41" count="0" type="stmt"/>
        <line num="51" count="6" type="stmt"/>
        <line num="52" count="6" type="stmt"/>
        <line num="54" count="6" type="stmt"/>
        <line num="67" count="2" type="stmt"/>
      </file>
    </package>
  </project>
</coverage>
