{"/Users/jacques/Desktop/Web-Development/the-source-news/src/App.tsx": {"path":"/Users/jacques/Desktop/Web-Development/the-source-news/src/App.tsx","statementMap":{"0":{"start":{"line":1,"column":0},"end":{"line":1,"column":43}},"1":{"start":{"line":3,"column":0},"end":{"line":3,"column":26}},"2":{"start":{"line":5,"column":0},"end":{"line":5,"column":57}},"3":{"start":{"line":6,"column":0},"end":{"line":6,"column":53}},"4":{"start":{"line":7,"column":0},"end":{"line":7,"column":60}},"5":{"start":{"line":8,"column":0},"end":{"line":8,"column":60}},"6":{"start":{"line":9,"column":0},"end":{"line":9,"column":45}},"7":{"start":{"line":12,"column":0},"end":{"line":12,"column":null}},"8":{"start":{"line":21,"column":12},"end":{"line":66,"column":1}},"9":{"start":{"line":22,"column":26},"end":{"line":22,"column":56}},"10":{"start":{"line":22,"column":13},"end":{"line":22,"column":15}},"11":{"start":{"line":22,"column":22},"end":{"line":22,"column":26}},"12":{"start":{"line":23,"column":34},"end":{"line":23,"column":54}},"13":{"start":{"line":23,"column":17},"end":{"line":23,"column":19}},"14":{"start":{"line":23,"column":30},"end":{"line":23,"column":34}},"15":{"start":{"line":24,"column":32},"end":{"line":24,"column":55}},"16":{"start":{"line":24,"column":16},"end":{"line":24,"column":18}},"17":{"start":{"line":24,"column":28},"end":{"line":24,"column":32}},"18":{"start":{"line":25,"column":36},"end":{"line":25,"column":56}},"19":{"start":{"line":25,"column":18},"end":{"line":25,"column":20}},"20":{"start":{"line":25,"column":32},"end":{"line":25,"column":36}},"21":{"start":{"line":27,"column":26},"end":{"line":27,"column":61}},"22":{"start":{"line":29,"column":20},"end":{"line":39,"column":null}},"23":{"start":{"line":31,"column":32},"end":{"line":31,"column":null}},"24":{"start":{"line":31,"column":12},"end":{"line":31,"column":null}},"25":{"start":{"line":32,"column":21},"end":{"line":32,"column":null}},"26":{"start":{"line":32,"column":10},"end":{"line":32,"column":null}},"27":{"start":{"line":33,"column":6},"end":{"line":33,"column":null}},"28":{"start":{"line":34,"column":6},"end":{"line":34,"column":null}},"29":{"start":{"line":35,"column":6},"end":{"line":35,"column":null}},"30":{"start":{"line":37,"column":6},"end":{"line":37,"column":null}},"31":{"start":{"line":41,"column":25},"end":{"line":44,"column":3}},"32":{"start":{"line":42,"column":4},"end":{"line":42,"column":null}},"33":{"start":{"line":43,"column":4},"end":{"line":43,"column":null}},"34":{"start":{"line":45,"column":23},"end":{"line":47,"column":3}},"35":{"start":{"line":46,"column":4},"end":{"line":46,"column":null}},"36":{"start":{"line":49,"column":2},"end":{"line":53,"column":null}},"37":{"start":{"line":50,"column":4},"end":{"line":50,"column":null}},"38":{"start":{"line":51,"column":4},"end":{"line":51,"column":null}},"39":{"start":{"line":55,"column":2},"end":{"line":65,"column":null}},"40":{"start":{"line":68,"column":0},"end":{"line":68,"column":null}}},"fnMap":{"0":{"name":"(anonymous_16)","decl":{"start":{"line":21,"column":12},"end":{"line":21,"column":null}},"loc":{"start":{"line":21,"column":12},"end":{"line":66,"column":1}}},"1":{"name":"(anonymous_17)","decl":{"start":{"line":29,"column":20},"end":{"line":29,"column":null}},"loc":{"start":{"line":29,"column":20},"end":{"line":39,"column":null}}},"2":{"name":"(anonymous_20)","decl":{"start":{"line":41,"column":25},"end":{"line":41,"column":26}},"loc":{"start":{"line":41,"column":42},"end":{"line":44,"column":3}}},"3":{"name":"(anonymous_21)","decl":{"start":{"line":45,"column":23},"end":{"line":45,"column":24}},"loc":{"start":{"line":45,"column":37},"end":{"line":47,"column":3}}},"4":{"name":"(anonymous_22)","decl":{"start":{"line":49,"column":12},"end":{"line":49,"column":null}},"loc":{"start":{"line":49,"column":12},"end":{"line":53,"column":3}}}},"branchMap":{"0":{"loc":{"start":{"line":59,"column":7},"end":{"line":61,"column":14}},"type":"cond-expr","locations":[{"start":{"line":60,"column":8},"end":{"line":60,"column":79}},{"start":{"line":61,"column":10},"end":{"line":61,"column":14}}]},"1":{"loc":{"start":{"line":62,"column":7},"end":{"line":62,"column":39}},"type":"cond-expr","locations":[{"start":{"line":62,"column":17},"end":{"line":62,"column":32}},{"start":{"line":62,"column":35},"end":{"line":62,"column":39}}]},"2":{"loc":{"start":{"line":63,"column":7},"end":{"line":63,"column":42}},"type":"cond-expr","locations":[{"start":{"line":63,"column":25},"end":{"line":63,"column":35}},{"start":{"line":63,"column":38},"end":{"line":63,"column":42}}]}},"s":{"0":1,"1":1,"2":1,"3":1,"4":1,"5":1,"6":1,"7":1,"8":1,"9":2,"10":2,"11":2,"12":2,"13":2,"14":2,"15":2,"16":2,"17":2,"18":2,"19":2,"20":2,"21":2,"22":3,"23":1,"24":0,"25":0,"26":0,"27":0,"28":0,"29":0,"30":1,"31":2,"32":0,"33":0,"34":2,"35":0,"36":2,"37":1,"38":1,"39":2,"40":1},"f":{"0":2,"1":2,"2":0,"3":0,"4":1},"b":{"0":[0,2],"1":[2,0],"2":[0,2]}}
,"/Users/jacques/Desktop/Web-Development/the-source-news/src/features/Footer/Footer.tsx": {"path":"/Users/jacques/Desktop/Web-Development/the-source-news/src/features/Footer/Footer.tsx","statementMap":{"0":{"start":{"line":3,"column":0},"end":{"line":3,"column":47}},"1":{"start":{"line":4,"column":0},"end":{"line":4,"column":43}},"2":{"start":{"line":5,"column":0},"end":{"line":5,"column":27}},"3":{"start":{"line":7,"column":15},"end":{"line":29,"column":1}},"4":{"start":{"line":8,"column":2},"end":{"line":28,"column":null}},"5":{"start":{"line":31,"column":0},"end":{"line":31,"column":null}}},"fnMap":{"0":{"name":"(anonymous_2)","decl":{"start":{"line":7,"column":15},"end":{"line":7,"column":null}},"loc":{"start":{"line":7,"column":15},"end":{"line":29,"column":1}}}},"branchMap":{},"s":{"0":2,"1":2,"2":2,"3":2,"4":5,"5":2},"f":{"0":5},"b":{}}
,"/Users/jacques/Desktop/Web-Development/the-source-news/src/features/LoadingPage/LoadingPage.tsx": {"path":"/Users/jacques/Desktop/Web-Development/the-source-news/src/features/LoadingPage/LoadingPage.tsx","statementMap":{"0":{"start":{"line":3,"column":0},"end":{"line":3,"column":39}},"1":{"start":{"line":4,"column":0},"end":{"line":4,"column":64}},"2":{"start":{"line":5,"column":0},"end":{"line":5,"column":61}},"3":{"start":{"line":7,"column":20},"end":{"line":16,"column":1}},"4":{"start":{"line":7,"column":30},"end":{"line":7,"column":50}},"5":{"start":{"line":8,"column":2},"end":{"line":15,"column":null}},"6":{"start":{"line":18,"column":0},"end":{"line":18,"column":null}}},"fnMap":{"0":{"name":"(anonymous_2)","decl":{"start":{"line":7,"column":20},"end":{"line":7,"column":21}},"loc":{"start":{"line":7,"column":50},"end":{"line":16,"column":1}}}},"branchMap":{},"s":{"0":2,"1":2,"2":2,"3":2,"4":4,"5":4,"6":2},"f":{"0":4},"b":{}}
,"/Users/jacques/Desktop/Web-Development/the-source-news/src/features/Navigation/Navigation.tsx": {"path":"/Users/jacques/Desktop/Web-Development/the-source-news/src/features/Navigation/Navigation.tsx","statementMap":{"0":{"start":{"line":1,"column":0},"end":{"line":1,"column":46}},"1":{"start":{"line":3,"column":0},"end":{"line":3,"column":50}},"2":{"start":{"line":4,"column":0},"end":{"line":4,"column":39}},"3":{"start":{"line":5,"column":0},"end":{"line":5,"column":40}},"4":{"start":{"line":7,"column":0},"end":{"line":7,"column":37}},"5":{"start":{"line":9,"column":19},"end":{"line":113,"column":1}},"6":{"start":{"line":10,"column":10},"end":{"line":10,"column":null}},"7":{"start":{"line":11,"column":16},"end":{"line":11,"column":null}},"8":{"start":{"line":13,"column":34},"end":{"line":13,"column":58}},"9":{"start":{"line":13,"column":17},"end":{"line":13,"column":19}},"10":{"start":{"line":13,"column":30},"end":{"line":13,"column":34}},"11":{"start":{"line":15,"column":23},"end":{"line":18,"column":4}},"12":{"start":{"line":19,"column":24},"end":{"line":23,"column":4}},"13":{"start":{"line":25,"column":2},"end":{"line":112,"column":null}},"14":{"start":{"line":28,"column":27},"end":{"line":28,"column":68}},"15":{"start":{"line":33,"column":27},"end":{"line":33,"column":null}},"16":{"start":{"line":38,"column":27},"end":{"line":38,"column":null}},"17":{"start":{"line":47,"column":14},"end":{"line":47,"column":null}},"18":{"start":{"line":48,"column":14},"end":{"line":48,"column":null}},"19":{"start":{"line":60,"column":14},"end":{"line":60,"column":null}},"20":{"start":{"line":61,"column":14},"end":{"line":61,"column":null}},"21":{"start":{"line":73,"column":14},"end":{"line":73,"column":null}},"22":{"start":{"line":74,"column":14},"end":{"line":74,"column":null}},"23":{"start":{"line":86,"column":14},"end":{"line":86,"column":null}},"24":{"start":{"line":87,"column":14},"end":{"line":87,"column":null}},"25":{"start":{"line":99,"column":14},"end":{"line":99,"column":null}},"26":{"start":{"line":100,"column":14},"end":{"line":100,"column":null}},"27":{"start":{"line":115,"column":0},"end":{"line":115,"column":null}}},"fnMap":{"0":{"name":"(anonymous_2)","decl":{"start":{"line":9,"column":19},"end":{"line":9,"column":20}},"loc":{"start":{"line":12,"column":18},"end":{"line":113,"column":1}}},"1":{"name":"(anonymous_3)","decl":{"start":{"line":28,"column":21},"end":{"line":28,"column":27}},"loc":{"start":{"line":28,"column":21},"end":{"line":28,"column":41}}},"2":{"name":"(anonymous_4)","decl":{"start":{"line":33,"column":21},"end":{"line":33,"column":27}},"loc":{"start":{"line":33,"column":21},"end":{"line":33,"column":38}}},"3":{"name":"(anonymous_5)","decl":{"start":{"line":38,"column":21},"end":{"line":38,"column":27}},"loc":{"start":{"line":38,"column":21},"end":{"line":38,"column":38}}},"4":{"name":"(anonymous_6)","decl":{"start":{"line":46,"column":21},"end":{"line":46,"column":null}},"loc":{"start":{"line":46,"column":21},"end":{"line":49,"column":13}}},"5":{"name":"(anonymous_7)","decl":{"start":{"line":59,"column":21},"end":{"line":59,"column":null}},"loc":{"start":{"line":59,"column":21},"end":{"line":62,"column":13}}},"6":{"name":"(anonymous_8)","decl":{"start":{"line":72,"column":21},"end":{"line":72,"column":null}},"loc":{"start":{"line":72,"column":21},"end":{"line":75,"column":13}}},"7":{"name":"(anonymous_9)","decl":{"start":{"line":85,"column":21},"end":{"line":85,"column":null}},"loc":{"start":{"line":85,"column":21},"end":{"line":88,"column":13}}},"8":{"name":"(anonymous_10)","decl":{"start":{"line":98,"column":21},"end":{"line":98,"column":null}},"loc":{"start":{"line":98,"column":21},"end":{"line":101,"column":13}}}},"branchMap":{"0":{"loc":{"start":{"line":20,"column":13},"end":{"line":20,"column":29}},"type":"cond-expr","locations":[{"start":{"line":20,"column":24},"end":{"line":20,"column":25}},{"start":{"line":20,"column":28},"end":{"line":20,"column":29}}]},"1":{"loc":{"start":{"line":21,"column":13},"end":{"line":21,"column":40}},"type":"cond-expr","locations":[{"start":{"line":21,"column":24},"end":{"line":21,"column":31}},{"start":{"line":21,"column":34},"end":{"line":21,"column":40}}]},"2":{"loc":{"start":{"line":22,"column":12},"end":{"line":22,"column":28}},"type":"cond-expr","locations":[{"start":{"line":22,"column":23},"end":{"line":22,"column":24}},{"start":{"line":22,"column":27},"end":{"line":22,"column":28}}]},"3":{"loc":{"start":{"line":30,"column":9},"end":{"line":39,"column":null}},"type":"cond-expr","locations":[{"start":{"line":31,"column":10},"end":{"line":33,"column":null}},{"start":{"line":36,"column":10},"end":{"line":38,"column":null}}]},"4":{"loc":{"start":{"line":51,"column":31},"end":{"line":51,"column":69}},"type":"cond-expr","locations":[{"start":{"line":51,"column":54},"end":{"line":51,"column":60}},{"start":{"line":51,"column":63},"end":{"line":51,"column":69}}]},"5":{"loc":{"start":{"line":52,"column":21},"end":{"line":52,"column":59}},"type":"cond-expr","locations":[{"start":{"line":52,"column":44},"end":{"line":52,"column":50}},{"start":{"line":52,"column":53},"end":{"line":52,"column":59}}]},"6":{"loc":{"start":{"line":64,"column":31},"end":{"line":64,"column":72}},"type":"cond-expr","locations":[{"start":{"line":64,"column":57},"end":{"line":64,"column":63}},{"start":{"line":64,"column":66},"end":{"line":64,"column":72}}]},"7":{"loc":{"start":{"line":65,"column":21},"end":{"line":65,"column":62}},"type":"cond-expr","locations":[{"start":{"line":65,"column":47},"end":{"line":65,"column":53}},{"start":{"line":65,"column":56},"end":{"line":65,"column":62}}]},"8":{"loc":{"start":{"line":77,"column":31},"end":{"line":77,"column":70}},"type":"cond-expr","locations":[{"start":{"line":77,"column":55},"end":{"line":77,"column":61}},{"start":{"line":77,"column":64},"end":{"line":77,"column":70}}]},"9":{"loc":{"start":{"line":78,"column":21},"end":{"line":78,"column":60}},"type":"cond-expr","locations":[{"start":{"line":78,"column":45},"end":{"line":78,"column":51}},{"start":{"line":78,"column":54},"end":{"line":78,"column":60}}]},"10":{"loc":{"start":{"line":90,"column":31},"end":{"line":90,"column":77}},"type":"cond-expr","locations":[{"start":{"line":90,"column":62},"end":{"line":90,"column":68}},{"start":{"line":90,"column":71},"end":{"line":90,"column":77}}]},"11":{"loc":{"start":{"line":91,"column":21},"end":{"line":91,"column":67}},"type":"cond-expr","locations":[{"start":{"line":91,"column":52},"end":{"line":91,"column":58}},{"start":{"line":91,"column":61},"end":{"line":91,"column":67}}]},"12":{"loc":{"start":{"line":103,"column":31},"end":{"line":103,"column":74}},"type":"cond-expr","locations":[{"start":{"line":103,"column":59},"end":{"line":103,"column":65}},{"start":{"line":103,"column":68},"end":{"line":103,"column":74}}]},"13":{"loc":{"start":{"line":104,"column":21},"end":{"line":104,"column":64}},"type":"cond-expr","locations":[{"start":{"line":104,"column":49},"end":{"line":104,"column":55}},{"start":{"line":104,"column":58},"end":{"line":104,"column":64}}]}},"s":{"0":2,"1":2,"2":2,"3":2,"4":2,"5":2,"6":8,"7":8,"8":8,"9":8,"10":8,"11":8,"12":8,"13":8,"14":0,"15":0,"16":0,"17":0,"18":0,"19":1,"20":1,"21":0,"22":0,"23":0,"24":0,"25":0,"26":0,"27":2},"f":{"0":8,"1":0,"2":0,"3":0,"4":0,"5":1,"6":0,"7":0,"8":0},"b":{"0":[1,7],"1":[1,7],"2":[1,7],"3":[1,7],"4":[1,7],"5":[1,7],"6":[0,8],"7":[0,8],"8":[0,8],"9":[0,8],"10":[0,8],"11":[0,8],"12":[0,8],"13":[0,8]}}
,"/Users/jacques/Desktop/Web-Development/the-source-news/src/features/NewsBox/NewsBox.tsx": {"path":"/Users/jacques/Desktop/Web-Development/the-source-news/src/features/NewsBox/NewsBox.tsx","statementMap":{"0":{"start":{"line":1,"column":0},"end":{"line":1,"column":28}},"1":{"start":{"line":3,"column":16},"end":{"line":17,"column":1}},"2":{"start":{"line":3,"column":26},"end":{"line":3,"column":42}},"3":{"start":{"line":4,"column":2},"end":{"line":16,"column":null}},"4":{"start":{"line":18,"column":0},"end":{"line":18,"column":null}}},"fnMap":{"0":{"name":"(anonymous_2)","decl":{"start":{"line":3,"column":16},"end":{"line":3,"column":17}},"loc":{"start":{"line":3,"column":42},"end":{"line":17,"column":1}}}},"branchMap":{},"s":{"0":3,"1":3,"2":1,"3":1,"4":3},"f":{"0":1},"b":{}}
,"/Users/jacques/Desktop/Web-Development/the-source-news/src/features/NewsCategories/Business/Business.tsx": {"path":"/Users/jacques/Desktop/Web-Development/the-source-news/src/features/NewsCategories/Business/Business.tsx","statementMap":{"0":{"start":{"line":4,"column":17},"end":{"line":6,"column":1}},"1":{"start":{"line":4,"column":28},"end":{"line":4,"column":45}},"2":{"start":{"line":5,"column":2},"end":{"line":5,"column":null}},"3":{"start":{"line":8,"column":0},"end":{"line":8,"column":null}}},"fnMap":{"0":{"name":"(anonymous_0)","decl":{"start":{"line":4,"column":17},"end":{"line":4,"column":18}},"loc":{"start":{"line":4,"column":45},"end":{"line":6,"column":1}}}},"branchMap":{},"s":{"0":0,"1":0,"2":0,"3":0},"f":{"0":0},"b":{}}
,"/Users/jacques/Desktop/Web-Development/the-source-news/src/features/NewsCategories/Entertainment/Entertainment.tsx": {"path":"/Users/jacques/Desktop/Web-Development/the-source-news/src/features/NewsCategories/Entertainment/Entertainment.tsx","statementMap":{"0":{"start":{"line":4,"column":22},"end":{"line":6,"column":1}},"1":{"start":{"line":4,"column":33},"end":{"line":4,"column":50}},"2":{"start":{"line":5,"column":2},"end":{"line":5,"column":null}},"3":{"start":{"line":8,"column":0},"end":{"line":8,"column":null}}},"fnMap":{"0":{"name":"(anonymous_0)","decl":{"start":{"line":4,"column":22},"end":{"line":4,"column":23}},"loc":{"start":{"line":4,"column":50},"end":{"line":6,"column":1}}}},"branchMap":{},"s":{"0":0,"1":0,"2":0,"3":0},"f":{"0":0},"b":{}}
,"/Users/jacques/Desktop/Web-Development/the-source-news/src/features/NewsCategories/Sports/Sports.tsx": {"path":"/Users/jacques/Desktop/Web-Development/the-source-news/src/features/NewsCategories/Sports/Sports.tsx","statementMap":{"0":{"start":{"line":4,"column":15},"end":{"line":6,"column":1}},"1":{"start":{"line":4,"column":26},"end":{"line":4,"column":43}},"2":{"start":{"line":5,"column":2},"end":{"line":5,"column":null}},"3":{"start":{"line":8,"column":0},"end":{"line":8,"column":null}}},"fnMap":{"0":{"name":"(anonymous_0)","decl":{"start":{"line":4,"column":15},"end":{"line":4,"column":16}},"loc":{"start":{"line":4,"column":43},"end":{"line":6,"column":1}}}},"branchMap":{},"s":{"0":0,"1":0,"2":0,"3":0},"f":{"0":0},"b":{}}
,"/Users/jacques/Desktop/Web-Development/the-source-news/src/features/NewsCategories/Technology/Technology.tsx": {"path":"/Users/jacques/Desktop/Web-Development/the-source-news/src/features/NewsCategories/Technology/Technology.tsx","statementMap":{"0":{"start":{"line":4,"column":19},"end":{"line":6,"column":1}},"1":{"start":{"line":4,"column":30},"end":{"line":4,"column":47}},"2":{"start":{"line":5,"column":2},"end":{"line":5,"column":null}},"3":{"start":{"line":8,"column":0},"end":{"line":8,"column":null}}},"fnMap":{"0":{"name":"(anonymous_0)","decl":{"start":{"line":4,"column":19},"end":{"line":4,"column":20}},"loc":{"start":{"line":4,"column":47},"end":{"line":6,"column":1}}}},"branchMap":{},"s":{"0":0,"1":0,"2":0,"3":0},"f":{"0":0},"b":{}}
,"/Users/jacques/Desktop/Web-Development/the-source-news/src/features/SearchInput/SearchInput.tsx": {"path":"/Users/jacques/Desktop/Web-Development/the-source-news/src/features/SearchInput/SearchInput.tsx","statementMap":{"0":{"start":{"line":1,"column":0},"end":{"line":1,"column":59}},"1":{"start":{"line":3,"column":0},"end":{"line":3,"column":41}},"2":{"start":{"line":4,"column":0},"end":{"line":4,"column":50}},"3":{"start":{"line":6,"column":0},"end":{"line":6,"column":31}},"4":{"start":{"line":8,"column":20},"end":{"line":43,"column":1}},"5":{"start":{"line":8,"column":35},"end":{"line":8,"column":55}},"6":{"start":{"line":9,"column":28},"end":{"line":9,"column":48}},"7":{"start":{"line":9,"column":14},"end":{"line":9,"column":16}},"8":{"start":{"line":9,"column":24},"end":{"line":9,"column":28}},"9":{"start":{"line":10,"column":23},"end":{"line":13,"column":4}},"10":{"start":{"line":15,"column":19},"end":{"line":17,"column":3}},"11":{"start":{"line":16,"column":4},"end":{"line":16,"column":null}},"12":{"start":{"line":19,"column":2},"end":{"line":42,"column":null}},"13":{"start":{"line":26,"column":8},"end":{"line":26,"column":null}},"14":{"start":{"line":27,"column":8},"end":{"line":27,"column":null}},"15":{"start":{"line":28,"column":8},"end":{"line":28,"column":null}},"16":{"start":{"line":45,"column":0},"end":{"line":45,"column":null}}},"fnMap":{"0":{"name":"(anonymous_2)","decl":{"start":{"line":8,"column":20},"end":{"line":8,"column":21}},"loc":{"start":{"line":8,"column":55},"end":{"line":43,"column":1}}},"1":{"name":"(anonymous_3)","decl":{"start":{"line":15,"column":19},"end":{"line":15,"column":20}},"loc":{"start":{"line":15,"column":52},"end":{"line":17,"column":3}}},"2":{"name":"(anonymous_4)","decl":{"start":{"line":25,"column":16},"end":{"line":25,"column":17}},"loc":{"start":{"line":25,"column":52},"end":{"line":29,"column":7}}}},"branchMap":{"0":{"loc":{"start":{"line":26,"column":8},"end":{"line":26,"column":27}},"type":"cond-expr","locations":[{"start":{"line":26,"column":9},"end":{"line":26,"column":11}},{"start":{"line":26,"column":8},"end":{"line":26,"column":27}}]},"1":{"loc":{"start":{"line":26,"column":8},"end":{"line":26,"column":11}},"type":"binary-expr","locations":[{"start":{"line":26,"column":8},"end":{"line":26,"column":11}},{"start":{"line":26,"column":8},"end":{"line":26,"column":11}}]}},"s":{"0":2,"1":2,"2":2,"3":2,"4":2,"5":10,"6":10,"7":10,"8":10,"9":10,"10":10,"11":4,"12":10,"13":1,"14":1,"15":1,"16":2},"f":{"0":10,"1":4,"2":1},"b":{"0":[0,1],"1":[1,1]}}
,"/Users/jacques/Desktop/Web-Development/the-source-news/src/pages/NewsPage/NewsPage.tsx": {"path":"/Users/jacques/Desktop/Web-Development/the-source-news/src/pages/NewsPage/NewsPage.tsx","statementMap":{"0":{"start":{"line":1,"column":0},"end":{"line":1,"column":57}},"1":{"start":{"line":3,"column":0},"end":{"line":3,"column":50}},"2":{"start":{"line":5,"column":0},"end":{"line":5,"column":52}},"3":{"start":{"line":6,"column":0},"end":{"line":6,"column":34}},"4":{"start":{"line":8,"column":17},"end":{"line":65,"column":1}},"5":{"start":{"line":9,"column":6},"end":{"line":9,"column":null}},"6":{"start":{"line":10,"column":10},"end":{"line":10,"column":null}},"7":{"start":{"line":11,"column":11},"end":{"line":11,"column":null}},"8":{"start":{"line":13,"column":34},"end":{"line":13,"column":54}},"9":{"start":{"line":13,"column":17},"end":{"line":13,"column":19}},"10":{"start":{"line":13,"column":30},"end":{"line":13,"column":34}},"11":{"start":{"line":14,"column":27},"end":{"line":17,"column":4}},"12":{"start":{"line":19,"column":2},"end":{"line":49,"column":null}},"13":{"start":{"line":20,"column":4},"end":{"line":47,"column":null}},"14":{"start":{"line":24,"column":12},"end":{"line":26,"column":null}},"15":{"start":{"line":30,"column":12},"end":{"line":30,"column":null}},"16":{"start":{"line":41,"column":15},"end":{"line":45,"column":null}},"17":{"start":{"line":51,"column":25},"end":{"line":51,"column":85}},"18":{"start":{"line":52,"column":26},"end":{"line":52,"column":103}},"19":{"start":{"line":54,"column":2},"end":{"line":64,"column":null}},"20":{"start":{"line":67,"column":0},"end":{"line":67,"column":null}}},"fnMap":{"0":{"name":"(anonymous_3)","decl":{"start":{"line":8,"column":17},"end":{"line":8,"column":18}},"loc":{"start":{"line":12,"column":16},"end":{"line":65,"column":1}}},"1":{"name":"(anonymous_4)","decl":{"start":{"line":19,"column":12},"end":{"line":19,"column":null}},"loc":{"start":{"line":19,"column":12},"end":{"line":49,"column":3}}},"2":{"name":"(anonymous_5)","decl":{"start":{"line":23,"column":10},"end":{"line":23,"column":11}},"loc":{"start":{"line":23,"column":37},"end":{"line":24,"column":19}}},"3":{"name":"(anonymous_6)","decl":{"start":{"line":29,"column":10},"end":{"line":29,"column":11}},"loc":{"start":{"line":29,"column":40},"end":{"line":30,"column":19}}},"4":{"name":"(anonymous_7)","decl":{"start":{"line":33,"column":10},"end":{"line":33,"column":null}},"loc":{"start":{"line":40,"column":24},"end":{"line":41,"column":null}}}},"branchMap":{"0":{"loc":{"start":{"line":56,"column":7},"end":{"line":61,"column":null}},"type":"cond-expr","locations":[{"start":{"line":57,"column":8},"end":{"line":57,"column":55}},{"start":{"line":58,"column":10},"end":{"line":61,"column":null}}]},"1":{"loc":{"start":{"line":56,"column":7},"end":{"line":56,"column":54}},"type":"binary-expr","locations":[{"start":{"line":56,"column":7},"end":{"line":56,"column":15}},{"start":{"line":56,"column":19},"end":{"line":56,"column":29}},{"start":{"line":56,"column":33},"end":{"line":56,"column":54}}]},"2":{"loc":{"start":{"line":58,"column":10},"end":{"line":61,"column":null}},"type":"cond-expr","locations":[{"start":{"line":59,"column":8},"end":{"line":59,"column":56}},{"start":{"line":61,"column":8},"end":{"line":61,"column":16}}]},"3":{"loc":{"start":{"line":58,"column":10},"end":{"line":58,"column":44}},"type":"binary-expr","locations":[{"start":{"line":58,"column":10},"end":{"line":58,"column":19}},{"start":{"line":58,"column":23},"end":{"line":58,"column":44}}]}},"s":{"0":2,"1":2,"2":2,"3":2,"4":2,"5":6,"6":6,"7":6,"8":6,"9":6,"10":6,"11":6,"12":6,"13":3,"14":4,"15":2,"16":0,"17":6,"18":6,"19":6,"20":2},"f":{"0":6,"1":3,"2":4,"3":2,"4":0},"b":{"0":[2,4],"1":[6,3,2],"2":[2,2],"3":[4,2]}}
}
