TN:
SF:src/features/Footer/Footer.tsx
FN:7,(anonymous_2)
FNF:1
FNH:1
FNDA:5,(anonymous_2)
DA:3,1
DA:4,1
DA:5,1
DA:7,1
DA:8,5
DA:31,1
LF:6
LH:6
BRF:0
BRH:0
end_of_record
TN:
SF:src/features/LoadingPage/LoadingPage.tsx
FN:7,(anonymous_2)
FNF:1
FNH:1
FNDA:2,(anonymous_2)
DA:3,1
DA:4,1
DA:5,1
DA:7,2
DA:8,2
DA:18,1
LF:6
LH:6
BRF:0
BRH:0
end_of_record
TN:
SF:src/features/Navigation/Navigation.tsx
FN:9,(anonymous_2)
FN:28,(anonymous_3)
FN:33,(anonymous_4)
FN:38,(anonymous_5)
FN:46,(anonymous_6)
FN:59,(anonymous_7)
FN:72,(anonymous_8)
FN:85,(anonymous_9)
FN:98,(anonymous_10)
FNF:9
FNH:2
FNDA:6,(anonymous_2)
FNDA:0,(anonymous_3)
FNDA:0,(anonymous_4)
FNDA:0,(anonymous_5)
FNDA:0,(anonymous_6)
FNDA:1,(anonymous_7)
FNDA:0,(anonymous_8)
FNDA:0,(anonymous_9)
FNDA:0,(anonymous_10)
DA:1,1
DA:3,1
DA:4,1
DA:5,1
DA:7,1
DA:9,1
DA:10,6
DA:11,6
DA:13,6
DA:15,6
DA:19,6
DA:25,6
DA:28,0
DA:33,0
DA:38,0
DA:47,0
DA:48,0
DA:60,1
DA:61,1
DA:73,0
DA:74,0
DA:86,0
DA:87,0
DA:99,0
DA:100,0
DA:115,1
LF:26
LH:15
BRDA:20,0,0,1
BRDA:20,0,1,5
BRDA:21,1,0,1
BRDA:21,1,1,5
BRDA:22,2,0,1
BRDA:22,2,1,5
BRDA:30,3,0,1
BRDA:30,3,1,5
BRDA:51,4,0,0
BRDA:51,4,1,6
BRDA:52,5,0,0
BRDA:52,5,1,6
BRDA:64,6,0,0
BRDA:64,6,1,6
BRDA:65,7,0,0
BRDA:65,7,1,6
BRDA:77,8,0,0
BRDA:77,8,1,6
BRDA:78,9,0,0
BRDA:78,9,1,6
BRDA:90,10,0,0
BRDA:90,10,1,6
BRDA:91,11,0,0
BRDA:91,11,1,6
BRDA:103,12,0,0
BRDA:103,12,1,6
BRDA:104,13,0,0
BRDA:104,13,1,6
BRF:28
BRH:18
end_of_record
TN:
SF:src/features/NewsBox/NewsBox.tsx
FN:3,(anonymous_2)
FNF:1
FNH:1
FNDA:1,(anonymous_2)
DA:1,1
DA:3,1
DA:4,1
DA:18,1
LF:4
LH:4
BRF:0
BRH:0
end_of_record
TN:
SF:src/features/NewsCategories/Business/Business.tsx
FN:4,(anonymous_0)
FNF:1
FNH:0
FNDA:0,(anonymous_0)
DA:4,0
DA:5,0
DA:8,0
LF:3
LH:0
BRF:0
BRH:0
end_of_record
TN:
SF:src/features/NewsCategories/Entertainment/Entertainment.tsx
FN:4,(anonymous_0)
FNF:1
FNH:0
FNDA:0,(anonymous_0)
DA:4,0
DA:5,0
DA:8,0
LF:3
LH:0
BRF:0
BRH:0
end_of_record
TN:
SF:src/features/NewsCategories/Sports/Sports.tsx
FN:4,(anonymous_0)
FNF:1
FNH:0
FNDA:0,(anonymous_0)
DA:4,0
DA:5,0
DA:8,0
LF:3
LH:0
BRF:0
BRH:0
end_of_record
TN:
SF:src/features/NewsCategories/Technology/Technology.tsx
FN:4,(anonymous_0)
FNF:1
FNH:0
FNDA:0,(anonymous_0)
DA:4,0
DA:5,0
DA:8,0
LF:3
LH:0
BRF:0
BRH:0
end_of_record
TN:
SF:src/features/SearchInput/SearchInput.tsx
FN:8,(anonymous_2)
FN:15,(anonymous_3)
FN:25,(anonymous_4)
FNF:3
FNH:3
FNDA:8,(anonymous_2)
FNDA:4,(anonymous_3)
FNDA:1,(anonymous_4)
DA:1,1
DA:3,1
DA:4,1
DA:6,1
DA:8,8
DA:9,8
DA:10,8
DA:15,8
DA:16,4
DA:19,8
DA:26,1
DA:27,1
DA:28,1
DA:45,1
LF:14
LH:14
BRDA:26,0,0,0
BRDA:26,0,1,1
BRDA:26,1,0,1
BRDA:26,1,1,1
BRF:4
BRH:3
end_of_record
TN:
SF:src/pages/NewsPage/NewsPage.test.tsx
FN:5,(anonymous_3)
FN:35,(anonymous_4)
FN:40,(anonymous_5)
FN:46,(anonymous_6)
FNF:4
FNH:0
FNDA:0,(anonymous_3)
FNDA:0,(anonymous_4)
FNDA:0,(anonymous_5)
FNDA:0,(anonymous_6)
DA:1,0
DA:3,0
DA:5,0
DA:6,0
DA:17,0
DA:23,0
DA:29,0
DA:35,0
DA:36,0
DA:37,0
DA:40,0
DA:41,0
DA:42,0
DA:43,0
DA:46,0
DA:47,0
DA:48,0
DA:49,0
LF:18
LH:0
BRF:0
BRH:0
end_of_record
TN:
SF:src/pages/NewsPage/NewsPage.tsx
FN:8,(anonymous_3)
FN:19,(anonymous_4)
FN:23,(anonymous_5)
FN:29,(anonymous_6)
FN:33,(anonymous_7)
FNF:5
FNH:0
FNDA:0,(anonymous_3)
FNDA:0,(anonymous_4)
FNDA:0,(anonymous_5)
FNDA:0,(anonymous_6)
FNDA:0,(anonymous_7)
DA:1,0
DA:3,0
DA:5,0
DA:6,0
DA:8,0
DA:9,0
DA:10,0
DA:11,0
DA:13,0
DA:14,0
DA:19,0
DA:20,0
DA:24,0
DA:30,0
DA:41,0
DA:51,0
DA:52,0
DA:54,0
DA:67,0
LF:19
LH:0
BRDA:56,0,0,0
BRDA:56,0,1,0
BRDA:56,1,0,0
BRDA:56,1,1,0
BRDA:56,1,2,0
BRDA:58,2,0,0
BRDA:58,2,1,0
BRDA:58,3,0,0
BRDA:58,3,1,0
BRF:9
BRH:0
end_of_record
